adwaita-icon-theme
ccache
chromium
dropbox
evince
fbida
fzf
gdm
geeqie
git
gnome-backgrounds
gnome-control-center
gnome-keyring
gnome-screenshot
gnome-settings-daemon
gnome-shell
gnome-shell-extension-mediaplayer-git
gnome-shell-extension-nohotcorner-git
gnome-shell-extension-pixel-saver
gnome-shell-extension-system-monitor-git
gnome-shell-extension-topicons-plus-git
gnome-shell-extensions
gnome-system-monitor
gnome-themes-standard
gnome-tweak-tool
gnome-user-share
grilo-plugins
gtk3-print-backends
gvfs-afc
gvfs-goa
gvfs-gphoto2
gvfs-mtp
gvfs-nfs
gvfs-smb
intel-ucode
kalu
keepassxc
lsof
lvm2
mesa-demos
mousetweaks
mutter
nautilus
neovim
networkmanager
omnikey_ifdokccid
openssh
pygmentize
python-neovim
python-virtualenvwrapper
qt5-styleplugins
rxvt-unicode
spotify
sudo
sushi
the_silver_searcher
tmux
ttf-bitstream-vera
ttf-droid
ttf-roboto
xclip
xdg-user-dirs-gtk
xorg-xmodmap
xorg-xprop
yaourt
zsh
zsh-autosuggestions
zsh-syntax-highlighting
